# JRE version: OpenJDK Runtime Environment (17.0.6) (build 17.0.6+0-b2043.56-10027231)
# Java VM: OpenJDK 64-Bit Server VM (17.0.6+0-b2043.56-10027231, mixed mode, tiered, compressed oops, compressed class ptrs, g1 gc, windows-amd64)
GC Precious Log:
 CPUs: 4 total, 4 available
 Memory: 10177M
 Large Page Support: Disabled
 NUMA Support: Disabled
 Compressed Oops: Enabled (32-bit)
 Heap Region Size: 1M
 Heap Min Capacity: 8M
 Heap Initial Capacity: 160M
 Heap Max Capacity: 2G
 Pre-touch: Disabled
 Parallel Workers: 4
 Concurrent Workers: 1
 Concurrent Refinement Workers: 4
 Periodic GC: Disabled
Heap:
 garbage-first heap   total 299008K, used 174406K [0x0000000080000000, 0x0000000100000000)
  region size 1024K, 2 young (2048K), 2 survivors (2048K)
 Metaspace       used 113289K, committed 114048K, reserved 1155072K
  class space    used 15015K, committed 15360K, reserved 1048576K
GC Heap History (20 events):
Event: 190.084 GC heap after
{Heap after GC invocations=64 (full 0):
 garbage-first heap   total 207872K, used 95773K [0x0000000080000000, 0x0000000100000000)
  region size 1024K, 11 young (11264K), 11 survivors (11264K)
 Metaspace       used 98245K, committed 98880K, reserved 1138688K
  class space    used 13202K, committed 13504K, reserved 1048576K
}
Event: 190.172 GC heap before
{Heap before GC invocations=64 (full 0):
 garbage-first heap   total 207872K, used 96797K [0x0000000080000000, 0x0000000100000000)
  region size 1024K, 12 young (12288K), 11 survivors (11264K)
 Metaspace       used 98245K, committed 98880K, reserved 1138688K
  class space    used 13202K, committed 13504K, reserved 1048576K
}
Event: 190.204 GC heap after
{Heap after GC invocations=65 (full 0):
 garbage-first heap   total 207872K, used 97843K [0x0000000080000000, 0x0000000100000000)
  region size 1024K, 2 young (2048K), 2 survivors (2048K)
 Metaspace       used 98245K, committed 98880K, reserved 1138688K
  class space    used 13202K, committed 13504K, reserved 1048576K
}
Event: 210.831 GC heap before
{Heap before GC invocations=65 (full 0):
 garbage-first heap   total 207872K, used 159283K [0x0000000080000000, 0x0000000100000000)
  region size 1024K, 63 young (64512K), 2 survivors (2048K)
 Metaspace       used 106736K, committed 107456K, reserved 1146880K
  class space    used 14236K, committed 14592K, reserved 1048576K
}
Event: 210.853 GC heap after
{Heap after GC invocations=66 (full 0):
 garbage-first heap   total 207872K, used 101177K [0x0000000080000000, 0x0000000100000000)
  region size 1024K, 6 young (6144K), 6 survivors (6144K)
 Metaspace       used 106736K, committed 107456K, reserved 1146880K
  class space    used 14236K, committed 14592K, reserved 1048576K
}
Event: 220.945 GC heap before
{Heap before GC invocations=66 (full 0):
 garbage-first heap   total 207872K, used 162617K [0x0000000080000000, 0x0000000100000000)
  region size 1024K, 67 young (68608K), 6 survivors (6144K)
 Metaspace       used 108458K, committed 109184K, reserved 1146880K
  class space    used 14346K, committed 14720K, reserved 1048576K
}
Event: 220.967 GC heap after
{Heap after GC invocations=67 (full 0):
 garbage-first heap   total 207872K, used 104440K [0x0000000080000000, 0x0000000100000000)
  region size 1024K, 4 young (4096K), 4 survivors (4096K)
 Metaspace       used 108458K, committed 109184K, reserved 1146880K
  class space    used 14346K, committed 14720K, reserved 1048576K
}
Event: 225.778 GC heap before
{Heap before GC invocations=67 (full 0):
 garbage-first heap   total 207872K, used 165880K [0x0000000080000000, 0x0000000100000000)
  region size 1024K, 65 young (66560K), 4 survivors (4096K)
 Metaspace       used 109555K, committed 110336K, reserved 1146880K
  class space    used 14484K, committed 14848K, reserved 1048576K
}
Event: 225.811 GC heap after
{Heap after GC invocations=68 (full 0):
 garbage-first heap   total 207872K, used 110133K [0x0000000080000000, 0x0000000100000000)
  region size 1024K, 9 young (9216K), 9 survivors (9216K)
 Metaspace       used 109555K, committed 110336K, reserved 1146880K
  class space    used 14484K, committed 14848K, reserved 1048576K
}
Event: 230.581 GC heap before
{Heap before GC invocations=69 (full 0):
 garbage-first heap   total 207872K, used 191029K [0x0000000080000000, 0x0000000100000000)
  region size 1024K, 45 young (46080K), 9 survivors (9216K)
 Metaspace       used 112990K, committed 113792K, reserved 1155072K
  class space    used 14968K, committed 15360K, reserved 1048576K
}
Event: 230.621 GC heap after
{Heap after GC invocations=70 (full 0):
 garbage-first heap   total 211968K, used 150417K [0x0000000080000000, 0x0000000100000000)
  region size 1024K, 9 young (9216K), 9 survivors (9216K)
 Metaspace       used 112990K, committed 113792K, reserved 1155072K
  class space    used 14968K, committed 15360K, reserved 1048576K
}
Event: 230.630 GC heap before
{Heap before GC invocations=70 (full 0):
 garbage-first heap   total 211968K, used 152465K [0x0000000080000000, 0x0000000100000000)
  region size 1024K, 10 young (10240K), 9 survivors (9216K)
 Metaspace       used 112991K, committed 113792K, reserved 1155072K
  class space    used 14968K, committed 15360K, reserved 1048576K
}
Event: 230.648 GC heap after
{Heap after GC invocations=71 (full 0):
 garbage-first heap   total 211968K, used 151371K [0x0000000080000000, 0x0000000100000000)
  region size 1024K, 1 young (1024K), 1 survivors (1024K)
 Metaspace       used 112991K, committed 113792K, reserved 1155072K
  class space    used 14968K, committed 15360K, reserved 1048576K
}
Event: 230.676 GC heap before
{Heap before GC invocations=71 (full 0):
 garbage-first heap   total 211968K, used 171851K [0x0000000080000000, 0x0000000100000000)
  region size 1024K, 8 young (8192K), 1 survivors (1024K)
 Metaspace       used 112996K, committed 113792K, reserved 1155072K
  class space    used 14968K, committed 15360K, reserved 1048576K
}
Event: 230.681 GC heap after
{Heap after GC invocations=72 (full 0):
 garbage-first heap   total 211968K, used 159659K [0x0000000080000000, 0x0000000100000000)
  region size 1024K, 3 young (3072K), 3 survivors (3072K)
 Metaspace       used 112996K, committed 113792K, reserved 1155072K
  class space    used 14968K, committed 15360K, reserved 1048576K
}
Event: 230.684 GC heap before
{Heap before GC invocations=72 (full 0):
 garbage-first heap   total 211968K, used 163755K [0x0000000080000000, 0x0000000100000000)
  region size 1024K, 4 young (4096K), 3 survivors (3072K)
 Metaspace       used 112996K, committed 113792K, reserved 1155072K
  class space    used 14968K, committed 15360K, reserved 1048576K
}
Event: 230.690 GC heap after
{Heap after GC invocations=73 (full 0):
 garbage-first heap   total 211968K, used 160921K [0x0000000080000000, 0x0000000100000000)
  region size 1024K, 1 young (1024K), 1 survivors (1024K)
 Metaspace       used 112996K, committed 113792K, reserved 1155072K
  class space    used 14968K, committed 15360K, reserved 1048576K
}
Event: 232.583 GC heap before
{Heap before GC invocations=74 (full 0):
 garbage-first heap   total 299008K, used 188569K [0x0000000080000000, 0x0000000100000000)
  region size 1024K, 15 young (15360K), 1 survivors (1024K)
 Metaspace       used 113288K, committed 114048K, reserved 1155072K
  class space    used 15015K, committed 15360K, reserved 1048576K
}
Event: 232.607 GC heap after
{Heap after GC invocations=75 (full 0):
 garbage-first heap   total 299008K, used 170893K [0x0000000080000000, 0x0000000100000000)
  region size 1024K, 2 young (2048K), 2 survivors (2048K)
 Metaspace       used 113288K, committed 114048K, reserved 1155072K
  class space    used 15015K, committed 15360K, reserved 1048576K
}
Event: 233.601 GC heap before
{Heap before GC invocations=75 (full 0):
 garbage-first heap   total 299008K, used 182157K [0x0000000080000000, 0x0000000100000000)
  region size 1024K, 14 young (14336K), 2 survivors (2048K)
 Metaspace       used 113289K, committed 114048K, reserved 1155072K
  class space    used 15015K, committed 15360K, reserved 1048576K
}

